{
  "stats": {
    "suites": 1,
    "tests": 1,
    "passes": 1,
    "pending": 0,
    "failures": 0,
    "start": "2024-04-20T21:11:29.353Z",
    "end": "2024-04-20T21:11:37.666Z",
    "duration": 8313,
    "testsRegistered": 1,
    "passPercent": 100,
    "pendingPercent": 0,
    "other": 0,
    "hasOther": false,
    "skipped": 0,
    "hasSkipped": false
  },
  "results": [
    {
      "uuid": "58aed642-2537-4bfd-87b5-8e2b22021825",
      "title": "",
      "fullFile": "cypress\\e2e\\Curso Cypress\\Asserts\\Assert_text.cy.js",
      "file": "cypress\\e2e\\Curso Cypress\\Asserts\\Assert_text.cy.js",
      "beforeHooks": [],
      "afterHooks": [],
      "tests": [],
      "suites": [
        {
          "uuid": "821c0696-c86f-479b-aba5-b00a74d9165e",
          "title": "#Seccion 5: Primeras pruebas..ASSERT TEXT",
          "fullFile": "",
          "file": "",
          "beforeHooks": [],
          "afterHooks": [],
          "tests": [
            {
              "title": "TEXT",
              "fullTitle": "#Seccion 5: Primeras pruebas..ASSERT TEXT TEXT",
              "timedOut": null,
              "duration": 5632,
              "state": "passed",
              "speed": "medium",
              "pass": true,
              "fail": false,
              "pending": false,
              "context": null,
              "code": "/* Nueva arrow function anidada IT */\ncy.visit('https://demo.seleniumeasy.com/table-search-filter-demo.html');\ncy.title().should('eq', 'Selenium Easy - Table Data search and filter data');\ncy.xpath(\"//td[text()='Mike Trout']\").then(e => {\n  let texto = e.text();\n  if (texto == \"Mike Trout\") {\n    cy.log(\"Texto correcto\");\n  }\n});\ncy.wait(3000);",
              "err": {},
              "uuid": "6c02c7fb-3c20-4275-a2e1-22999de9ffbb",
              "parentUUID": "821c0696-c86f-479b-aba5-b00a74d9165e",
              "isHook": false,
              "skipped": false
            }
          ],
          "suites": [],
          "passes": [
            "6c02c7fb-3c20-4275-a2e1-22999de9ffbb"
          ],
          "failures": [],
          "pending": [],
          "skipped": [],
          "duration": 5632,
          "root": false,
          "rootEmpty": false,
          "_timeout": 2000
        }
      ],
      "passes": [],
      "failures": [],
      "pending": [],
      "skipped": [],
      "duration": 0,
      "root": true,
      "rootEmpty": true,
      "_timeout": 2000
    }
  ],
  "meta": {
    "mocha": {
      "version": "7.0.1"
    },
    "mochawesome": {
      "options": {
        "quiet": false,
        "reportFilename": "mochawesome",
        "saveHtml": true,
        "saveJson": true,
        "useInlineDiffs": false,
        "code": true
      },
      "version": "7.1.3"
    },
    "marge": {
      "options": {
        "mochaFile": "cypress/Reports/Reporte_Ejecucion_id_[hash].xml"
      },
      "version": "6.2.0"
    }
  }
}