{
  "stats": {
    "suites": 1,
    "tests": 1,
    "passes": 1,
    "pending": 0,
    "failures": 0,
    "start": "2024-04-20T22:01:23.460Z",
    "end": "2024-04-20T22:01:32.906Z",
    "duration": 9446,
    "testsRegistered": 1,
    "passPercent": 100,
    "pendingPercent": 0,
    "other": 0,
    "hasOther": false,
    "skipped": 0,
    "hasSkipped": false
  },
  "results": [
    {
      "uuid": "d8444cc3-def2-4260-a1f0-fd87eeb780d8",
      "title": "",
      "fullFile": "cypress\\e2e\\Curso Cypress\\Asserts\\Assert_and.cy.js",
      "file": "cypress\\e2e\\Curso Cypress\\Asserts\\Assert_and.cy.js",
      "beforeHooks": [],
      "afterHooks": [],
      "tests": [],
      "suites": [
        {
          "uuid": "d2dd7c25-fb82-4cea-97e6-af17ff4a3c0f",
          "title": "#Seccion 5: Primeras pruebas..ASSERT HAVE Y CONTAINS",
          "fullFile": "",
          "file": "",
          "beforeHooks": [],
          "afterHooks": [],
          "tests": [
            {
              "title": "HAVE Y CONTAINS",
              "fullTitle": "#Seccion 5: Primeras pruebas..ASSERT HAVE Y CONTAINS HAVE Y CONTAINS",
              "timedOut": null,
              "duration": 5969,
              "state": "passed",
              "speed": "medium",
              "pass": true,
              "fail": false,
              "pending": false,
              "context": null,
              "code": "/* Nueva arrow function anidada IT */\ncy.visit('https://demo.seleniumeasy.com/table-search-filter-demo.html');\ncy.title().should('eq', 'Selenium Easy - Table Data search and filter data');\ncy.get('h2').should(\"have.text\", \"Type in your search to filter data by Tasks / Assignee / Status \").and(\"be.visible\");\ncy.get('h2').should(\"contains.text\", \"Type in your search\").and(\"be.visible\");\ncy.wait(3000);",
              "err": {},
              "uuid": "6f5f965c-16c5-43b3-80b3-c2a492afdde2",
              "parentUUID": "d2dd7c25-fb82-4cea-97e6-af17ff4a3c0f",
              "isHook": false,
              "skipped": false
            }
          ],
          "suites": [],
          "passes": [
            "6f5f965c-16c5-43b3-80b3-c2a492afdde2"
          ],
          "failures": [],
          "pending": [],
          "skipped": [],
          "duration": 5969,
          "root": false,
          "rootEmpty": false,
          "_timeout": 2000
        }
      ],
      "passes": [],
      "failures": [],
      "pending": [],
      "skipped": [],
      "duration": 0,
      "root": true,
      "rootEmpty": true,
      "_timeout": 2000
    }
  ],
  "meta": {
    "mocha": {
      "version": "7.0.1"
    },
    "mochawesome": {
      "options": {
        "quiet": false,
        "reportFilename": "probando_[hash]_report",
        "saveHtml": false,
        "saveJson": true,
        "consoleReporter": "spec",
        "useInlineDiffs": false,
        "code": true
      },
      "version": "7.1.3"
    },
    "marge": {
      "options": {
        "reportFilename": "probando_[hash]_report",
        "overwrite": false,
        "html": false,
        "json": true
      },
      "version": "6.2.0"
    }
  }
}