{
  "stats": {
    "suites": 1,
    "tests": 1,
    "passes": 1,
    "pending": 0,
    "failures": 0,
    "start": "2024-04-20T22:01:35.658Z",
    "end": "2024-04-20T22:01:44.075Z",
    "duration": 8417,
    "testsRegistered": 1,
    "passPercent": 100,
    "pendingPercent": 0,
    "other": 0,
    "hasOther": false,
    "skipped": 0,
    "hasSkipped": false
  },
  "results": [
    {
      "uuid": "8d7ed368-f2e7-419d-a4e3-c39de8994ee1",
      "title": "",
      "fullFile": "cypress\\e2e\\Curso Cypress\\Asserts\\Assert_contains.cy.js",
      "file": "cypress\\e2e\\Curso Cypress\\Asserts\\Assert_contains.cy.js",
      "beforeHooks": [],
      "afterHooks": [],
      "tests": [],
      "suites": [
        {
          "uuid": "79864deb-263a-4c18-93d9-2e9ac795c065",
          "title": "#Seccion 5: Primeras pruebas..ASSERT CONTAINS",
          "fullFile": "",
          "file": "",
          "beforeHooks": [],
          "afterHooks": [],
          "tests": [
            {
              "title": "CONTAINS",
              "fullTitle": "#Seccion 5: Primeras pruebas..ASSERT CONTAINS CONTAINS",
              "timedOut": null,
              "duration": 5542,
              "state": "passed",
              "speed": "medium",
              "pass": true,
              "fail": false,
              "pending": false,
              "context": null,
              "code": "/* Nueva arrow function anidada IT */\ncy.visit('https://demo.seleniumeasy.com/basic-checkbox-demo.html');\ncy.title().should('eq', 'Selenium Easy - Checkbox demo for automation using selenium');\ncy.get('.navbar > .container').contains(\"Table\").click();\ncy.wait(3000);",
              "err": {},
              "uuid": "7e4840c8-ff91-475b-b68f-d5f6d58f5fc2",
              "parentUUID": "79864deb-263a-4c18-93d9-2e9ac795c065",
              "isHook": false,
              "skipped": false
            }
          ],
          "suites": [],
          "passes": [
            "7e4840c8-ff91-475b-b68f-d5f6d58f5fc2"
          ],
          "failures": [],
          "pending": [],
          "skipped": [],
          "duration": 5542,
          "root": false,
          "rootEmpty": false,
          "_timeout": 2000
        }
      ],
      "passes": [],
      "failures": [],
      "pending": [],
      "skipped": [],
      "duration": 0,
      "root": true,
      "rootEmpty": true,
      "_timeout": 2000
    }
  ],
  "meta": {
    "mocha": {
      "version": "7.0.1"
    },
    "mochawesome": {
      "options": {
        "quiet": false,
        "reportFilename": "probando_[hash]_report",
        "saveHtml": false,
        "saveJson": true,
        "consoleReporter": "spec",
        "useInlineDiffs": false,
        "code": true
      },
      "version": "7.1.3"
    },
    "marge": {
      "options": {
        "reportFilename": "probando_[hash]_report",
        "overwrite": false,
        "html": false,
        "json": true
      },
      "version": "6.2.0"
    }
  }
}