{
  "stats": {
    "suites": 1,
    "tests": 1,
    "passes": 0,
    "pending": 0,
    "failures": 1,
    "start": "2024-04-20T22:01:46.679Z",
    "end": "2024-04-20T22:02:13.477Z",
    "duration": 26798,
    "testsRegistered": 1,
    "passPercent": 0,
    "pendingPercent": 0,
    "other": 0,
    "hasOther": false,
    "skipped": 0,
    "hasSkipped": false
  },
  "results": [
    {
      "uuid": "de418123-46a3-4a7c-937e-99e2ef3ad06b",
      "title": "",
      "fullFile": "cypress\\e2e\\Curso Cypress\\Asserts\\Assert_find_eq.cy.js",
      "file": "cypress\\e2e\\Curso Cypress\\Asserts\\Assert_find_eq.cy.js",
      "beforeHooks": [],
      "afterHooks": [],
      "tests": [],
      "suites": [
        {
          "uuid": "834bf392-e886-4a72-a306-d0b1fbff24af",
          "title": "#Seccion 5: Primeras pruebas..ASSERT CONTAINS",
          "fullFile": "",
          "file": "",
          "beforeHooks": [],
          "afterHooks": [],
          "tests": [
            {
              "title": "CONTAINS",
              "fullTitle": "#Seccion 5: Primeras pruebas..ASSERT CONTAINS CONTAINS",
              "timedOut": null,
              "duration": 11611,
              "state": "failed",
              "speed": null,
              "pass": false,
              "fail": true,
              "pending": false,
              "context": null,
              "code": "/* Nueva arrow function anidada IT */\ncy.visit('https://demo.seleniumeasy.com/table-search-filter-demo.html');\ncy.title().should('eq', 'Selenium Easy - Table Data search and filter data');\ncy.get('#task-table > tbody').find(\":nth-child\").eq(1).click();\ncy.wait(3000);",
              "err": {
                "message": "Error: Timed out retrying after 10000ms: Syntax error, unrecognized expression: :nth-child",
                "estack": "Error: Timed out retrying after 10000ms: Syntax error, unrecognized expression: :nth-child\n    at Sizzle.error (https://demo.seleniumeasy.com/__cypress/runner/cypress_runner.js:8470:8)\n    at Object.CHILD (https://demo.seleniumeasy.com/__cypress/runner/cypress_runner.js:8591:13)\n    at Sizzle.tokenize (https://demo.seleniumeasy.com/__cypress/runner/cypress_runner.js:9100:32)\n    at Function.Sizzle [as find] (https://demo.seleniumeasy.com/__cypress/runner/cypress_runner.js:7744:15)\n    at jQuery.fn.init.find (https://demo.seleniumeasy.com/__cypress/runner/cypress_runner.js:9805:11)\n    at getEl (https://demo.seleniumeasy.com/__cypress/runner/cypress_runner.js:135462:31)\n    at <unknown> (https://demo.seleniumeasy.com/__cypress/runner/cypress_runner.js:135499:21)\n    at Object.subjectFn (https://demo.seleniumeasy.com/__cypress/runner/cypress_runner.js:144154:16)\n    at $Cy.verifyUpcomingAssertions (https://demo.seleniumeasy.com/__cypress/runner/cypress_runner.js:143498:31)\n    at onRetry (https://demo.seleniumeasy.com/__cypress/runner/cypress_runner.js:144145:15)\n    at tryCatcher (https://demo.seleniumeasy.com/__cypress/runner/cypress_runner.js:1807:23)\n    at Promise.attempt.Promise.try (https://demo.seleniumeasy.com/__cypress/runner/cypress_runner.js:4315:29)\n    at whenStable (https://demo.seleniumeasy.com/__cypress/runner/cypress_runner.js:144032:68)\n    at <unknown> (https://demo.seleniumeasy.com/__cypress/runner/cypress_runner.js:143973:14)\n    at tryCatcher (https://demo.seleniumeasy.com/__cypress/runner/cypress_runner.js:1807:23)\n    at Promise._settlePromiseFromHandler (https://demo.seleniumeasy.com/__cypress/runner/cypress_runner.js:1519:31)\n    at Promise._settlePromise (https://demo.seleniumeasy.com/__cypress/runner/cypress_runner.js:1576:18)\n    at Promise._settlePromise0 (https://demo.seleniumeasy.com/__cypress/runner/cypress_runner.js:1621:10)\n    at Promise._settlePromises (https://demo.seleniumeasy.com/__cypress/runner/cypress_runner.js:1701:18)\n    at Promise._fulfill (https://demo.seleniumeasy.com/__cypress/runner/cypress_runner.js:1645:18)\n    at <unknown> (https://demo.seleniumeasy.com/__cypress/runner/cypress_runner.js:5450:46)",
                "diff": null
              },
              "uuid": "46a0036c-5122-43ec-bd9c-d6c3acb073b9",
              "parentUUID": "834bf392-e886-4a72-a306-d0b1fbff24af",
              "isHook": false,
              "skipped": false
            }
          ],
          "suites": [],
          "passes": [],
          "failures": [
            "46a0036c-5122-43ec-bd9c-d6c3acb073b9"
          ],
          "pending": [],
          "skipped": [],
          "duration": 11611,
          "root": false,
          "rootEmpty": false,
          "_timeout": 2000
        }
      ],
      "passes": [],
      "failures": [],
      "pending": [],
      "skipped": [],
      "duration": 0,
      "root": true,
      "rootEmpty": true,
      "_timeout": 2000
    }
  ],
  "meta": {
    "mocha": {
      "version": "7.0.1"
    },
    "mochawesome": {
      "options": {
        "quiet": false,
        "reportFilename": "probando_[hash]_report",
        "saveHtml": false,
        "saveJson": true,
        "consoleReporter": "spec",
        "useInlineDiffs": false,
        "code": true
      },
      "version": "7.1.3"
    },
    "marge": {
      "options": {
        "reportFilename": "probando_[hash]_report",
        "overwrite": false,
        "html": false,
        "json": true
      },
      "version": "6.2.0"
    }
  }
}