{
  "stats": {
    "suites": 1,
    "tests": 1,
    "passes": 1,
    "pending": 0,
    "failures": 0,
    "start": "2024-04-20T22:02:16.059Z",
    "end": "2024-04-20T22:02:24.100Z",
    "duration": 8041,
    "testsRegistered": 1,
    "passPercent": 100,
    "pendingPercent": 0,
    "other": 0,
    "hasOther": false,
    "skipped": 0,
    "hasSkipped": false
  },
  "results": [
    {
      "uuid": "e8f576f0-392d-45ee-8ab1-0119c334c85f",
      "title": "",
      "fullFile": "cypress\\e2e\\Curso Cypress\\Asserts\\Assert_have_y_contains.cy.js",
      "file": "cypress\\e2e\\Curso Cypress\\Asserts\\Assert_have_y_contains.cy.js",
      "beforeHooks": [],
      "afterHooks": [],
      "tests": [],
      "suites": [
        {
          "uuid": "a449f67a-a049-41b1-9cec-355d19c28d07",
          "title": "#Seccion 5: Primeras pruebas..ASSERT HAVE Y CONTAINS",
          "fullFile": "",
          "file": "",
          "beforeHooks": [],
          "afterHooks": [],
          "tests": [
            {
              "title": "HAVE Y CONTAINS",
              "fullTitle": "#Seccion 5: Primeras pruebas..ASSERT HAVE Y CONTAINS HAVE Y CONTAINS",
              "timedOut": null,
              "duration": 5641,
              "state": "passed",
              "speed": "medium",
              "pass": true,
              "fail": false,
              "pending": false,
              "context": null,
              "code": "/* Nueva arrow function anidada IT */\ncy.visit('https://demo.seleniumeasy.com/table-search-filter-demo.html');\ncy.title().should('eq', 'Selenium Easy - Table Data search and filter data');\ncy.get('h2').should(\"have.text\", \"Type in your search to filter data by Tasks / Assignee / Status \");\ncy.get('h2').should(\"contains.text\", \"Type in your search\");\ncy.wait(3000);",
              "err": {},
              "uuid": "875dd224-4321-4137-a9a1-d800d9893728",
              "parentUUID": "a449f67a-a049-41b1-9cec-355d19c28d07",
              "isHook": false,
              "skipped": false
            }
          ],
          "suites": [],
          "passes": [
            "875dd224-4321-4137-a9a1-d800d9893728"
          ],
          "failures": [],
          "pending": [],
          "skipped": [],
          "duration": 5641,
          "root": false,
          "rootEmpty": false,
          "_timeout": 2000
        }
      ],
      "passes": [],
      "failures": [],
      "pending": [],
      "skipped": [],
      "duration": 0,
      "root": true,
      "rootEmpty": true,
      "_timeout": 2000
    }
  ],
  "meta": {
    "mocha": {
      "version": "7.0.1"
    },
    "mochawesome": {
      "options": {
        "quiet": false,
        "reportFilename": "probando_[hash]_report",
        "saveHtml": false,
        "saveJson": true,
        "consoleReporter": "spec",
        "useInlineDiffs": false,
        "code": true
      },
      "version": "7.1.3"
    },
    "marge": {
      "options": {
        "reportFilename": "probando_[hash]_report",
        "overwrite": false,
        "html": false,
        "json": true
      },
      "version": "6.2.0"
    }
  }
}